[LightGBM] [Info] Warning: last line of train.conf has no end of line, still using this line
[LightGBM] [Info] Finished loading parameters
[LightGBM] [Debug] Loading train file...
[LightGBM] [Info] Using column number 0 as label
[LightGBM] [Info] Warning: last line of min.train has no end of line, still using this line
[LightGBM] [Info] Construct bin mappers from text data time 0.00 seconds
setmin: 0.869000  
setmin: 0.534000  
setmin: 0.275000  
setmin: -0.635000  
setmin: 0.226000  
setMax:  0.226000  
setmin: 0.327000  
setMax:  0.327000  
setMax:  0.359000  
setMax:  1.498000  
setmin: -1.119000  
setMax:  1.471000  
setmin: 0.217000  
setMax:  1.641000  
setmin: -1.987000  
setmin: -1.713000  
setmin: -1.666000  
setMax:  1.739000  
setMax:  1.471000  
setmin: -0.669000  
setmin: -2.146000  
setMax:  1.992000  
setMax:  1.242000  
setMax:  2.791000  
setMax:  2.321000  
setMax:  1.743000  
setMax:  1.909000  
setmin: 0.199000  
setMax:  2.928000  
setmin: 0.135000  
setMax:  3.211000  
setMax:  2.052000  
setMax:  2.155000  
setMax:  0.988000  
setmin: -2.251000  
setmin: 0.040000  
setmin: -2.258000  
setmin: -1.741000  
setmin: -1.842000  
setMax:  1.773000  
setMax:  3.072000  
setMax:  3.840000  
setmin: 0.020000  
setMax:  3.280000  
setMax:  4.335000  
setMax:  4.221000  
setMax:  4.707000  
setmin: -2.307000  
setMax:  5.700000  
setmin: 0.131000  
setMax:  2.377000  
setmin: 0.019000  
setmin: -2.359000  
setMax:  2.430000  
setMax:  5.331000  
[LightGBM] [Debug] Loading validation file #1...
[LightGBM] [Info] Warning: last line of min.test has no end of line, still using this line
setmin: 0.644000  
setmin: 0.247000  
setMax:  0.714000  
setMax:  1.122000  
setmin: 1.566000  
setMax:  1.566000  
setmin: 2.399000  
setMax:  2.399000  
setmin: 0.477000  
setmin: -0.321000  
setmin: -0.471000  
setmin: 1.966000  
setmin: 0.546000  
setMax:  1.351000  
setmin: -0.954000  
setmin: 0.553000  
setmin: -1.054000  
setMax:  0.662000  
setmin: -1.287000  
setMax:  1.632000  
setmin: 0.862000  
setmin: 0.460000  
setmin: 0.299000  
setmin: 0.458000  
setmin: -1.372000  
setMax:  1.577000  
setmin: 0.293000  
setmin: -1.418000  
setMax:  2.401000  
setMax:  2.292000  
setmin: -1.803000  
setmin: 0.390000  
setmin: 0.395000  
setMax:  2.130000  
setmin: -1.442000  
setmin: 0.285000  
setmin: 0.291000  
setmin: -1.629000  
setMax:  1.641000  
setmin: 0.125000  
setMax:  2.427000  
setmin: -1.708000  
setMax:  1.628000  
setMax:  2.491000  
setmin: -1.834000  
setMax:  3.609000  
setMax:  2.651000  
[LightGBM] [Info] Finished loading data in 0.727212 seconds
[LightGBM] [Info] Number of positive: 1075, number of negative: 925
[LightGBM] [Debug] Dataset::GetMultiBinFromAllFeatures: sparse rate 0.000000
[LightGBM] [Debug] init for col-wise cost 0.000024 seconds, init for row-wise cost 0.000264 seconds
[LightGBM] [Info] Auto-choosing col-wise multi-threading, the overhead of testing was 0.000419 seconds.
You can set `force_col_wise=true` to remove the overhead.
[LightGBM] [Info] Total Bins 40
[LightGBM] [Info] Number of data points in the train set: 2000, number of used features: 4
[LightGBM] [Debug] MemoryRestrictedForest Init
[LightGBM] [Debug] Use subset for bagging
[LightGBM] [Debug] Number of data points in validation set #1: 100
[LightGBM] [Info] Finished initializing training
[LightGBM] [Info] Started training...
[LightGBM] [Info] [binary:BoostFromScore]: pavg=0.537500 -> initscore=0.150282
[LightGBM] [Info] Start training from score 0.150282
[LightGBM] [Debug] Re-bagging, using 1615 data to train
[LightGBM] [Debug] MemoryRestrictedForest Init
Test Reinterpret Cast Min 340282346638528859811704183484516925440.000000 Max 0.000000 ...
Test Reinterpret Cast Min 340282346638528859811704183484516925440.000000 Max 0.000000 ...
Test Reinterpret Cast Min 340282346638528859811704183484516925440.000000 Max 0.000000 ...
[LightGBM] [Debug] Gain no penalty: 15.457914
[LightGBM] [Debug] Gain with penalty: 14.221281
[LightGBM] [Debug] best leaf: 0, left leaf: 0, right leaf: 4294967295
[LightGBM] [Debug] Best split. Feature: 3, Threshold: 0.000000, Gain: 14.221281
[LightGBM] [Debug] Gain: 14.221281
[LightGBM] [Debug] Estimated consumed memory: 186
Test Reinterpret Cast Min 340282346638528859811704183484516925440.000000 Max 0.000000 ...
[LightGBM] [Debug] Gain no penalty: 2.131820
[LightGBM] [Debug] Gain with penalty: 2.003911
Test Reinterpret Cast Min 340282346638528859811704183484516925440.000000 Max 0.000000 ...
[LightGBM] [Debug] Gain no penalty: 4.382176
[LightGBM] [Debug] Gain with penalty: 4.119246
Test Reinterpret Cast Min 340282346638528859811704183484516925440.000000 Max 0.000000 ...
Test Reinterpret Cast Min 340282346638528859811704183484516925440.000000 Max 0.000000 ...
Test Reinterpret Cast Min 340282346638528859811704183484516925440.000000 Max 0.000000 ...
Test Reinterpret Cast Min 340282346638528859811704183484516925440.000000 Max 0.000000 ...
[LightGBM] [Debug] best leaf: 1, left leaf: 0, right leaf: 1
[LightGBM] [Debug] Best split. Feature: 2, Threshold: 0.000000, Gain: 4.794351
[LightGBM] [Debug] Gain: 4.794351
[LightGBM] [Debug] Estimated consumed memory: 172
Test Reinterpret Cast Min 340282346638528859811704183484516925440.000000 Max 0.000000 ...
Test Reinterpret Cast Min 340282346638528859811704183484516925440.000000 Max 0.000000 ...
Test Reinterpret Cast Min 340282346638528859811704183484516925440.000000 Max 0.000000 ...
Test Reinterpret Cast Min 340282346638528859811704183484516925440.000000 Max 0.000000 ...
Test Reinterpret Cast Min 340282346638528859811704183484516925440.000000 Max 0.000000 ...
[LightGBM] [Debug] Gain no penalty: 0.894159
[LightGBM] [Debug] Gain with penalty: 0.840510
Test Reinterpret Cast Min 340282346638528859811704183484516925440.000000 Max 0.000000 ...
[LightGBM] [Debug] Gain no penalty: 1.437959
[LightGBM] [Debug] Gain with penalty: 1.351682
[LightGBM] [Debug] best leaf: 0, left leaf: 1, right leaf: 2
[LightGBM] [Debug] Best split. Feature: 3, Threshold: 0.000000, Gain: 4.119246
[LightGBM] [Debug] Gain: 4.119246
[LightGBM] [Debug] Estimated consumed memory: 160
Test Reinterpret Cast Min 340282346638528859811704183484516925440.000000 Max 0.000000 ...
[LightGBM] [Debug] Gain no penalty: 0.444914
[LightGBM] [Debug] Gain with penalty: 0.418219
Test Reinterpret Cast Min 340282346638528859811704183484516925440.000000 Max 0.000000 ...
[LightGBM] [Debug] Gain no penalty: 3.652611
[LightGBM] [Debug] Gain with penalty: 3.433455
Test Reinterpret Cast Min 340282346638528859811704183484516925440.000000 Max 0.000000 ...
Test Reinterpret Cast Min 340282346638528859811704183484516925440.000000 Max 0.000000 ...
Test Reinterpret Cast Min 340282346638528859811704183484516925440.000000 Max 0.000000 ...
Test Reinterpret Cast Min 340282346638528859811704183484516925440.000000 Max 0.000000 ...
[LightGBM] [Debug] best leaf: 0, left leaf: 0, right leaf: 3
[LightGBM] [Debug] Best split. Feature: 2, Threshold: 0.000000, Gain: 4.839620
[LightGBM] [Debug] Gain: 4.839620
[LightGBM] [Debug] Estimated consumed memory: 148
[LightGBM] [Debug] best leaf: 3, left leaf: 0, right leaf: 4
[LightGBM] [Debug] Best split. Feature: 3, Threshold: 0.000000, Gain: 3.433455
[LightGBM] [Debug] Gain: 3.433455
[LightGBM] [Debug] Estimated consumed memory: 136
[LightGBM] [Debug] best leaf: 1, left leaf: 3, right leaf: 5
[LightGBM] [Debug] Best split. Feature: 1, Threshold: 0.000000, Gain: 2.120775
[LightGBM] [Debug] Gain: 2.120775
[LightGBM] [Debug] Estimated consumed memory: 122
[LightGBM] [Debug] best leaf: 2, left leaf: 1, right leaf: 6
[LightGBM] [Debug] Best split. Feature: 1, Threshold: 0.000000, Gain: 1.468581
[LightGBM] [Debug] Gain: 1.468581
[LightGBM] [Debug] Estimated consumed memory: 110
[LightGBM] [Warning] No further splits with positive gain, best gain: -inf
[LightGBM] [Debug] No. of split values used: 7, first value: 536870912
[LightGBM] [Debug] max depth of all leaves: 3
[LightGBM] [Debug] difference no. threshold values: -12, difference no. of feature values: -16
[LightGBM] [Debug] Trained a tree with leaves = 8 and depth = 3
[LightGBM] [Debug] Times a feature was used: 0 2 2 3
[LightGBM] [Debug] No. of features used: 3
[LightGBM] [Debug] Total split points: 25
[LightGBM] [Debug] #Split values used: 5
[LightGBM] [Info] Iteration:1, training binary_logloss : 0.68856
[LightGBM] [Info] Iteration:1, training auc : 0.565584
[LightGBM] [Info] Iteration:1, valid_1 binary_logloss : 0.683821
[LightGBM] [Info] Iteration:1, valid_1 auc : 0.559568
[LightGBM] [Info] 0.002205 seconds elapsed, finished iteration 1
Test Reinterpret Cast Min 340282346638528859811704183484516925440.000000 Max 0.000000 ...
Test Reinterpret Cast Min 340282346638528859811704183484516925440.000000 Max 0.000000 ...
Test Reinterpret Cast Min 340282346638528859811704183484516925440.000000 Max 0.000000 ...
[LightGBM] [Debug] best leaf: 0, left leaf: 0, right leaf: 4294967295
[LightGBM] [Debug] Best split. Feature: 2, Threshold: 0.000000, Gain: 3.848592
[LightGBM] [Debug] Gain: 3.848592
[LightGBM] [Debug] Estimated consumed memory: 98
Test Reinterpret Cast Min 340282346638528859811704183484516925440.000000 Max 0.000000 ...
Test Reinterpret Cast Min 340282346638528859811704183484516925440.000000 Max 0.000000 ...
Test Reinterpret Cast Min 340282346638528859811704183484516925440.000000 Max 0.000000 ...
Test Reinterpret Cast Min 340282346638528859811704183484516925440.000000 Max 0.000000 ...
Test Reinterpret Cast Min 340282346638528859811704183484516925440.000000 Max 0.000000 ...
Test Reinterpret Cast Min 340282346638528859811704183484516925440.000000 Max 0.000000 ...
[LightGBM] [Debug] best leaf: 0, left leaf: 0, right leaf: 1
[LightGBM] [Debug] Best split. Feature: 0, Threshold: 0.000000, Gain: 4.233659
[LightGBM] [Debug] Gain: 4.233659
[LightGBM] [Debug] Estimated consumed memory: 84
Test Reinterpret Cast Min 340282346638528859811704183484516925440.000000 Max 0.000000 ...
Test Reinterpret Cast Min 340282346638528859811704183484516925440.000000 Max 0.000000 ...
Test Reinterpret Cast Min 340282346638528859811704183484516925440.000000 Max 0.000000 ...
Test Reinterpret Cast Min 340282346638528859811704183484516925440.000000 Max 0.000000 ...
[LightGBM] [Debug] best leaf: 1, left leaf: 0, right leaf: 2
[LightGBM] [Debug] Best split. Feature: 2, Threshold: 0.000000, Gain: 2.821526
[LightGBM] [Debug] Gain: 2.821526
[LightGBM] [Debug] Estimated consumed memory: 72
Test Reinterpret Cast Min 340282346638528859811704183484516925440.000000 Max 0.000000 ...
Test Reinterpret Cast Min 340282346638528859811704183484516925440.000000 Max 0.000000 ...
Test Reinterpret Cast Min 340282346638528859811704183484516925440.000000 Max 0.000000 ...
Test Reinterpret Cast Min 340282346638528859811704183484516925440.000000 Max 0.000000 ...
Test Reinterpret Cast Min 340282346638528859811704183484516925440.000000 Max 0.000000 ...
Test Reinterpret Cast Min 340282346638528859811704183484516925440.000000 Max 0.000000 ...
[LightGBM] [Debug] best leaf: 3, left leaf: 1, right leaf: 3
[LightGBM] [Debug] Best split. Feature: 1, Threshold: 0.000000, Gain: 5.308502
[LightGBM] [Debug] Gain: 5.308502
[LightGBM] [Debug] Estimated consumed memory: 60
[LightGBM] [Debug] best leaf: 1, left leaf: 3, right leaf: 4
[LightGBM] [Debug] Best split. Feature: 0, Threshold: 0.000000, Gain: 4.332494
[LightGBM] [Debug] Gain: 4.332494
[LightGBM] [Debug] Estimated consumed memory: 48
[LightGBM] [Debug] best leaf: 2, left leaf: 1, right leaf: 5
[LightGBM] [Debug] Best split. Feature: 0, Threshold: 0.000000, Gain: 1.982674
[LightGBM] [Debug] Gain: 1.982674
[LightGBM] [Debug] Estimated consumed memory: 36
[LightGBM] [Debug] best leaf: 0, left leaf: 2, right leaf: 6
[LightGBM] [Debug] Best split. Feature: 1, Threshold: 0.000000, Gain: 0.838851
[LightGBM] [Debug] Gain: 0.838851
[LightGBM] [Debug] Estimated consumed memory: 24
[LightGBM] [Warning] No further splits with positive gain, best gain: -inf
[LightGBM] [Debug] No. of split values used: 14, first value: 536870912
[LightGBM] [Debug] max depth of all leaves: 3
[LightGBM] [Debug] difference no. threshold values: -5, difference no. of feature values: -15
[LightGBM] [Debug] Trained a tree with leaves = 8 and depth = 3
[LightGBM] [Debug] Times a feature was used: 3 4 4 3
[LightGBM] [Debug] No. of features used: 4
[LightGBM] [Debug] Total split points: 25
[LightGBM] [Debug] #Split values used: 6
[LightGBM] [Info] Iteration:2, training binary_logloss : 0.687529
[LightGBM] [Info] Iteration:2, training auc : 0.57983
[LightGBM] [Info] Iteration:2, valid_1 binary_logloss : 0.683942
[LightGBM] [Info] Iteration:2, valid_1 auc : 0.54182
[LightGBM] [Info] 0.003841 seconds elapsed, finished iteration 2
Test Reinterpret Cast Min 340282346638528859811704183484516925440.000000 Max 0.000000 ...
[LightGBM] [Debug] Gain no penalty: 12.348465
[LightGBM] [Debug] Gain with penalty: 12.348465
Test Reinterpret Cast Min 340282346638528859811704183484516925440.000000 Max 0.000000 ...
Test Reinterpret Cast Min 340282346638528859811704183484516925440.000000 Max 0.000000 ...
[LightGBM] [Debug] best leaf: 0, left leaf: 0, right leaf: 4294967295
[LightGBM] [Debug] Best split. Feature: 3, Threshold: 0.000000, Gain: 12.348465
[LightGBM] [Debug] Gain: 12.348465
[LightGBM] [Debug] Estimated consumed memory: 16
Test Reinterpret Cast Min 340282346638528859811704183484516925440.000000 Max 0.000000 ...
[LightGBM] [Debug] Gain no penalty: 2.096415
[LightGBM] [Debug] Gain with penalty: 0.000000
Test Reinterpret Cast Min 340282346638528859811704183484516925440.000000 Max 0.000000 ...
[LightGBM] [Debug] Gain no penalty: 3.541915
[LightGBM] [Debug] Gain with penalty: 0.000000
Test Reinterpret Cast Min 340282346638528859811704183484516925440.000000 Max 0.000000 ...
Test Reinterpret Cast Min 340282346638528859811704183484516925440.000000 Max 0.000000 ...
Test Reinterpret Cast Min 340282346638528859811704183484516925440.000000 Max 0.000000 ...
Test Reinterpret Cast Min 340282346638528859811704183484516925440.000000 Max 0.000000 ...
[LightGBM] [Warning] No further splits with positive gain, best gain: 0.000000
[LightGBM] [Debug] No. of split values used: 14, first value: 536870912
[LightGBM] [Debug] max depth of all leaves: 1
[LightGBM] [Debug] difference no. threshold values: -5, difference no. of feature values: -15
[LightGBM] [Debug] Trained a tree with leaves = 2 and depth = 1
[LightGBM] [Debug] Times a feature was used: 3 4 4 4
[LightGBM] [Debug] No. of features used: 4
[LightGBM] [Debug] Total split points: 25
[LightGBM] [Debug] #Split values used: 6
[LightGBM] [Info] Iteration:3, training binary_logloss : 0.6869
[LightGBM] [Info] Iteration:3, training auc : 0.577967
[LightGBM] [Info] Iteration:3, valid_1 binary_logloss : 0.68458
[LightGBM] [Info] Iteration:3, valid_1 auc : 0.529988
[LightGBM] [Info] 0.004828 seconds elapsed, finished iteration 3
[LightGBM] [Debug] max depth of all leaves: 3
[LightGBM] [Info] Finished training
